<?xml version="1.0" encoding="UTF-8"?>
<!-- Generated by org.testng.reporters.JUnitXMLReporter -->
<testsuite hostname="user-PC" ignored="0" name="Default test" tests="3" failures="0" timestamp="26 Jan 2020 08:49:54 GMT" time="70.251" errors="0">
  <testcase name="deletealreadypresentwish" time="8.106" classname="testLibrary.AddWishListTest"/>
  <testcase name="enterWishList" time="15.304" classname="testLibrary.AddWishListTest"/>
  <testcase name="verifyWishList" time="0.38" classname="testLibrary.AddWishListTest"/>
</testsuite> <!-- Default test -->
