<?xml version="1.0" encoding="UTF-8"?>
<!-- Generated by org.testng.reporters.JUnitXMLReporter -->
<testsuite hostname="user-PC" ignored="0" name="Test" tests="3" failures="0" timestamp="25 Jan 2020 12:46:04 GMT" time="0.079" errors="0">
  <testcase name="@BeforeTest beforeTest" time="0.0" classname="testLibrary.AddWishListTest">
    <failure type="java.lang.NullPointerException">
      <![CDATA[java.lang.NullPointerException
	at testLibrary.AddWishListTest.beforeTest(AddWishListTest.java:20)
... Removed 23 stack frames]]>
    </failure>
  </testcase> <!-- @BeforeTest beforeTest -->
  <testcase name="@BeforeTest openpage" time="0.0" classname="testLibrary.ExistingCustomerSignInTest">
    <skipped/>
  </testcase> <!-- @BeforeTest openpage -->
  <testcase name="@AfterTest afterTest" time="0.0" classname="testLibrary.AddWishListTest">
    <skipped/>
  </testcase> <!-- @AfterTest afterTest -->
  <testcase name="@AfterTest afterTest" time="0.0" classname="testLibrary.ExistingCustomerSignInTest">
    <skipped/>
  </testcase> <!-- @AfterTest afterTest -->
  <testcase name="f" time="0.0" classname="testLibrary.ExistingCustomerSignInTest">
    <skipped/>
  </testcase> <!-- f -->
  <testcase name="enterWishList" time="0.0" classname="testLibrary.AddWishListTest">
    <skipped/>
  </testcase> <!-- enterWishList -->
  <testcase name="verifyWishList" time="0.0" classname="testLibrary.AddWishListTest">
    <skipped/>
  </testcase> <!-- verifyWishList -->
</testsuite> <!-- Test -->
