<?xml version="1.0" encoding="UTF-8"?>
<testng-results skipped="0" failed="0" ignored="0" total="1" passed="1">
  <reporter-output>
  </reporter-output>
  <suite name="Default suite" duration-ms="27246" started-at="2020-03-10T16:46:04Z" finished-at="2020-03-10T16:46:31Z">
    <groups>
    </groups>
    <test name="Default test" duration-ms="27246" started-at="2020-03-10T16:46:04Z" finished-at="2020-03-10T16:46:31Z">
      <class name="testLibrary.ExistingCustomerSignInTest">
        <test-method status="PASS" signature="openpage()[pri:0, instance:testLibrary.ExistingCustomerSignInTest@ef309d]" name="openpage" is-config="true" duration-ms="14905" started-at="2020-03-10T22:16:04Z" finished-at="2020-03-10T22:16:19Z">
          <reporter-output>
          </reporter-output>
        </test-method> <!-- openpage -->
        <test-method status="PASS" signature="ExistingSignIn()[pri:0, instance:testLibrary.ExistingCustomerSignInTest@ef309d]" name="ExistingSignIn" duration-ms="6747" started-at="2020-03-10T22:16:19Z" finished-at="2020-03-10T22:16:26Z">
          <reporter-output>
          </reporter-output>
        </test-method> <!-- ExistingSignIn -->
        <test-method status="PASS" signature="afterTest()[pri:0, instance:testLibrary.ExistingCustomerSignInTest@ef309d]" name="afterTest" is-config="true" duration-ms="5567" started-at="2020-03-10T22:16:26Z" finished-at="2020-03-10T22:16:31Z">
          <reporter-output>
          </reporter-output>
        </test-method> <!-- afterTest -->
      </class> <!-- testLibrary.ExistingCustomerSignInTest -->
    </test> <!-- Default test -->
  </suite> <!-- Default suite -->
</testng-results>
