<?xml version="1.0" encoding="UTF-8"?>
<testng-results skipped="0" failed="0" ignored="0" total="3" passed="3">
  <reporter-output>
  </reporter-output>
  <suite name="Default suite" duration-ms="70251" started-at="2020-01-26T08:48:43Z" finished-at="2020-01-26T08:49:53Z">
    <groups>
    </groups>
    <test name="Default test" duration-ms="70251" started-at="2020-01-26T08:48:43Z" finished-at="2020-01-26T08:49:53Z">
      <class name="testLibrary.AddWishListTest">
        <test-method status="PASS" signature="beforeTest()[pri:0, instance:testLibrary.AddWishListTest@9b1010]" name="beforeTest" is-config="true" duration-ms="46194" started-at="2020-01-26T14:18:43Z" finished-at="2020-01-26T14:19:29Z">
          <reporter-output>
          </reporter-output>
        </test-method> <!-- beforeTest -->
        <test-method status="PASS" signature="deletealreadypresentwish()[pri:0, instance:testLibrary.AddWishListTest@9b1010]" name="deletealreadypresentwish" duration-ms="8106" started-at="2020-01-26T14:19:29Z" finished-at="2020-01-26T14:19:37Z">
          <reporter-output>
          </reporter-output>
        </test-method> <!-- deletealreadypresentwish -->
        <test-method status="PASS" signature="enterWishList()[pri:1, instance:testLibrary.AddWishListTest@9b1010]" name="enterWishList" duration-ms="15304" started-at="2020-01-26T14:19:37Z" finished-at="2020-01-26T14:19:53Z">
          <reporter-output>
          </reporter-output>
        </test-method> <!-- enterWishList -->
        <test-method status="PASS" signature="verifyWishList()[pri:2, instance:testLibrary.AddWishListTest@9b1010]" name="verifyWishList" duration-ms="380" started-at="2020-01-26T14:19:53Z" finished-at="2020-01-26T14:19:53Z">
          <reporter-output>
          </reporter-output>
        </test-method> <!-- verifyWishList -->
        <test-method status="PASS" signature="afterTest()[pri:0, instance:testLibrary.AddWishListTest@9b1010]" name="afterTest" is-config="true" duration-ms="1" started-at="2020-01-26T14:19:53Z" finished-at="2020-01-26T14:19:53Z">
          <reporter-output>
          </reporter-output>
        </test-method> <!-- afterTest -->
      </class> <!-- testLibrary.AddWishListTest -->
    </test> <!-- Default test -->
  </suite> <!-- Default suite -->
</testng-results>
